2025-05-16 01:05:11,168 [INFO] Initialized Audit Log Collector
2025-05-16 01:05:11,169 [INFO] Output directory: C:\path\powershell\AuditLogs_20250516_010511
2025-05-16 01:05:11,170 [INFO] Date range set to: 2025-04-01T04:00:00Z to 2025-05-01T03:59:59Z
2025-05-16 01:05:11,170 [INFO] Report Month/Year: April 2025
2025-05-16 01:05:11,171 [INFO] Starting audit log collection process...
2025-05-16 01:05:11,171 [INFO] Date range: 2025-04-01T04:00:00Z to 2025-05-01T03:59:59Z
2025-05-16 01:05:11,172 [INFO] Report Month/Year: April 2025
2025-05-16 01:05:11,172 [INFO] Authenticating...
2025-05-16 01:05:11,546 [INFO] New access token acquired
2025-05-16 01:05:11,547 [INFO] Current token (masked): eyJ0eXAiOi...mWCUX9hVVA
2025-05-16 01:05:11,548 [INFO] Token generated at: 2025-05-16 01:05:11 (age: 0 seconds)
2025-05-16 01:05:11,550 [INFO] Loaded 0 existing searches and 0 completed searches
2025-05-16 01:05:11,551 [INFO] Verifying all required searches exist...
2025-05-16 01:05:11,551 [INFO] Missing search for https://geekbyteonline.sharepoint.com/sites/2DayRetention - PageViewed
2025-05-16 01:05:11,982 [INFO] Found existing search with matching criteria: ed8c8ea7-2b08-41a2-87db-a136f443ec54
2025-05-16 01:05:11,988 [INFO] Saved state to search_ids.json
2025-05-16 01:05:11,988 [INFO] Created/Found search for https://geekbyteonline.sharepoint.com/sites/2DayRetention - PageViewed
2025-05-16 01:05:11,988 [INFO] Missing search for https://geekbyteonline.sharepoint.com/sites/2DayRetention - FileAccessed
2025-05-16 01:05:12,340 [INFO] Found existing search with matching criteria: cd50dda4-a452-4688-9cb7-679ed0d27ab9
2025-05-16 01:05:12,347 [INFO] Saved state to search_ids.json
2025-05-16 01:05:12,348 [INFO] Created/Found search for https://geekbyteonline.sharepoint.com/sites/2DayRetention - FileAccessed
2025-05-16 01:05:12,350 [INFO] Missing search for https://geekbyteonline.sharepoint.com/sites/2DayRetention - FileDownloaded
2025-05-16 01:05:12,729 [INFO] Found existing search with matching criteria: dd91e84c-f5f0-42f9-8149-f9d12dd4c1ab
2025-05-16 01:05:12,734 [INFO] Saved state to search_ids.json
2025-05-16 01:05:12,734 [INFO] Created/Found search for https://geekbyteonline.sharepoint.com/sites/2DayRetention - FileDownloaded
2025-05-16 01:05:12,735 [INFO] Missing search for https://geekbyteonline.sharepoint.com/sites/Pharmacy - PageViewed
2025-05-16 01:05:13,081 [INFO] Found existing search with matching criteria: 0c312f9c-87e8-4584-aef6-a32c0f6e456b
2025-05-16 01:05:13,086 [INFO] Saved state to search_ids.json
2025-05-16 01:05:13,086 [INFO] Created/Found search for https://geekbyteonline.sharepoint.com/sites/Pharmacy - PageViewed
2025-05-16 01:05:13,087 [INFO] Missing search for https://geekbyteonline.sharepoint.com/sites/Pharmacy - FileAccessed
2025-05-16 01:05:13,492 [INFO] Found existing search with matching criteria: 97b087c9-80d0-453f-a843-fbfc35fbff22
2025-05-16 01:05:13,497 [INFO] Saved state to search_ids.json
2025-05-16 01:05:13,497 [INFO] Created/Found search for https://geekbyteonline.sharepoint.com/sites/Pharmacy - FileAccessed
2025-05-16 01:05:13,497 [INFO] Missing search for https://geekbyteonline.sharepoint.com/sites/Pharmacy - FileDownloaded
2025-05-16 01:05:13,901 [INFO] Found existing search with matching criteria: fb6e9932-cd3b-4567-9c3a-3354651fab97
2025-05-16 01:05:13,904 [INFO] Saved state to search_ids.json
2025-05-16 01:05:13,905 [INFO] Created/Found search for https://geekbyteonline.sharepoint.com/sites/Pharmacy - FileDownloaded
2025-05-16 01:05:13,905 [INFO] Missing search for https://geekbyteonline.sharepoint.com/sites/Radiation-Imaging - PageViewed
2025-05-16 01:05:14,310 [INFO] Found existing search with matching criteria: 4465e114-c54e-4879-bae6-659887f2657f
2025-05-16 01:05:14,315 [INFO] Saved state to search_ids.json
2025-05-16 01:05:14,315 [INFO] Created/Found search for https://geekbyteonline.sharepoint.com/sites/Radiation-Imaging - PageViewed
2025-05-16 01:05:14,316 [INFO] Missing search for https://geekbyteonline.sharepoint.com/sites/Radiation-Imaging - FileAccessed
2025-05-16 01:05:14,710 [INFO] Found existing search with matching criteria: 78fe1b80-1233-47eb-b311-fe4344ab54aa
2025-05-16 01:05:14,712 [INFO] Saved state to search_ids.json
2025-05-16 01:05:14,712 [INFO] Created/Found search for https://geekbyteonline.sharepoint.com/sites/Radiation-Imaging - FileAccessed
2025-05-16 01:05:14,713 [INFO] Missing search for https://geekbyteonline.sharepoint.com/sites/Radiation-Imaging - FileDownloaded
2025-05-16 01:05:15,130 [INFO] Found existing search with matching criteria: 18e8bb05-aeb3-4ef8-9c86-a260256023cc
2025-05-16 01:05:15,132 [INFO] Saved state to search_ids.json
2025-05-16 01:05:15,133 [INFO] Created/Found search for https://geekbyteonline.sharepoint.com/sites/Radiation-Imaging - FileDownloaded
2025-05-16 01:05:15,133 [INFO] Missing search for https://geekbyteonline.sharepoint.com/sites/geetkteam - PageViewed
2025-05-16 01:05:15,369 [INFO] Found existing search with matching criteria: c849f822-fba3-48d9-8d30-68d5422edcd8
2025-05-16 01:05:15,371 [INFO] Saved state to search_ids.json
2025-05-16 01:05:15,371 [INFO] Created/Found search for https://geekbyteonline.sharepoint.com/sites/geetkteam - PageViewed
2025-05-16 01:05:15,372 [INFO] Missing search for https://geekbyteonline.sharepoint.com/sites/geetkteam - FileAccessed
2025-05-16 01:05:15,759 [INFO] Found existing search with matching criteria: ff0405fc-693b-429d-8b1f-0579c07fa576
2025-05-16 01:05:15,761 [INFO] Saved state to search_ids.json
2025-05-16 01:05:15,761 [INFO] Created/Found search for https://geekbyteonline.sharepoint.com/sites/geetkteam - FileAccessed
2025-05-16 01:05:15,762 [INFO] Missing search for https://geekbyteonline.sharepoint.com/sites/geetkteam - FileDownloaded
2025-05-16 01:05:16,060 [INFO] Found existing search with matching criteria: d1565903-5822-4928-a17c-55729eea4960
2025-05-16 01:05:16,062 [INFO] Saved state to search_ids.json
2025-05-16 01:05:16,063 [INFO] Created/Found search for https://geekbyteonline.sharepoint.com/sites/geetkteam - FileDownloaded
2025-05-16 01:05:16,064 [INFO] Missing search for https://geekbyteonline.sharepoint.com/sites/New365Site5 - PageViewed
2025-05-16 01:05:16,304 [INFO] Found existing search with matching criteria: fd8b01ce-3ac7-4dee-ac99-bcb453b351cd
2025-05-16 01:05:16,309 [INFO] Saved state to search_ids.json
2025-05-16 01:05:16,311 [INFO] Created/Found search for https://geekbyteonline.sharepoint.com/sites/New365Site5 - PageViewed
2025-05-16 01:05:16,311 [INFO] Missing search for https://geekbyteonline.sharepoint.com/sites/New365Site5 - FileAccessed
2025-05-16 01:05:16,768 [INFO] Found existing search with matching criteria: f00cc359-a57f-4288-92d4-c1556c22b358
2025-05-16 01:05:16,770 [INFO] Saved state to search_ids.json
2025-05-16 01:05:16,771 [INFO] Created/Found search for https://geekbyteonline.sharepoint.com/sites/New365Site5 - FileAccessed
2025-05-16 01:05:16,771 [INFO] Missing search for https://geekbyteonline.sharepoint.com/sites/New365Site5 - FileDownloaded
2025-05-16 01:05:17,109 [INFO] Found existing search with matching criteria: db121892-b1c8-4baf-ad07-4db9a1a29b49
2025-05-16 01:05:17,111 [INFO] Saved state to search_ids.json
2025-05-16 01:05:17,111 [INFO] Created/Found search for https://geekbyteonline.sharepoint.com/sites/New365Site5 - FileDownloaded
2025-05-16 01:05:17,112 [INFO] All required searches exist and are ready for processing
2025-05-16 01:05:17,112 [INFO] Processing searches (0/15 completed)...
2025-05-16 01:05:17,283 [INFO] Search ed8c8ea7-2b08-41a2-87db-a136f443ec54 completed with status: succeeded
2025-05-16 01:05:17,286 [INFO] Retrieving records for https://geekbyteonline.sharepoint.com/sites/2DayRetention - PageViewed
2025-05-16 01:05:17,594 [INFO] Saved 83 records to AuditLogs_20250516_010511\2DayRetention_20250401_20250501_PageViewed_20250516_010517.csv
2025-05-16 01:05:17,595 [INFO] Saved state to completed_searches.json
2025-05-16 01:05:17,768 [INFO] Search cd50dda4-a452-4688-9cb7-679ed0d27ab9 completed with status: succeeded
2025-05-16 01:05:17,769 [INFO] Retrieving records for https://geekbyteonline.sharepoint.com/sites/2DayRetention - FileAccessed
2025-05-16 01:05:18,207 [INFO] Saved 63 records to AuditLogs_20250516_010511\2DayRetention_20250401_20250501_FileAccessed_20250516_010518.csv
2025-05-16 01:05:18,209 [INFO] Saved state to completed_searches.json
2025-05-16 01:05:18,384 [INFO] Search dd91e84c-f5f0-42f9-8149-f9d12dd4c1ab completed with status: succeeded
2025-05-16 01:05:18,386 [INFO] Retrieving records for https://geekbyteonline.sharepoint.com/sites/2DayRetention - FileDownloaded
2025-05-16 01:05:18,549 [INFO] No records found for FileDownloaded in https://geekbyteonline.sharepoint.com/sites/2DayRetention
2025-05-16 01:05:18,552 [INFO] Saved state to completed_searches.json
2025-05-16 01:05:18,758 [INFO] Search 0c312f9c-87e8-4584-aef6-a32c0f6e456b completed with status: succeeded
2025-05-16 01:05:18,759 [INFO] Retrieving records for https://geekbyteonline.sharepoint.com/sites/Pharmacy - PageViewed
2025-05-16 01:05:18,923 [INFO] No records found for PageViewed in https://geekbyteonline.sharepoint.com/sites/Pharmacy
2025-05-16 01:05:18,924 [INFO] Saved state to completed_searches.json
2025-05-16 01:05:19,088 [INFO] Search 97b087c9-80d0-453f-a843-fbfc35fbff22 completed with status: succeeded
2025-05-16 01:05:19,089 [INFO] Retrieving records for https://geekbyteonline.sharepoint.com/sites/Pharmacy - FileAccessed
2025-05-16 01:05:19,251 [INFO] No records found for FileAccessed in https://geekbyteonline.sharepoint.com/sites/Pharmacy
2025-05-16 01:05:19,252 [INFO] Saved state to completed_searches.json
2025-05-16 01:05:19,418 [INFO] Search fb6e9932-cd3b-4567-9c3a-3354651fab97 completed with status: succeeded
2025-05-16 01:05:19,419 [INFO] Retrieving records for https://geekbyteonline.sharepoint.com/sites/Pharmacy - FileDownloaded
2025-05-16 01:05:19,629 [INFO] No records found for FileDownloaded in https://geekbyteonline.sharepoint.com/sites/Pharmacy
2025-05-16 01:05:19,630 [INFO] Saved state to completed_searches.json
2025-05-16 01:05:19,839 [INFO] Search 4465e114-c54e-4879-bae6-659887f2657f completed with status: succeeded
2025-05-16 01:05:19,840 [INFO] Retrieving records for https://geekbyteonline.sharepoint.com/sites/Radiation-Imaging - PageViewed
2025-05-16 01:05:20,011 [INFO] No records found for PageViewed in https://geekbyteonline.sharepoint.com/sites/Radiation-Imaging
2025-05-16 01:05:20,012 [INFO] Saved state to completed_searches.json
2025-05-16 01:05:20,147 [INFO] Search 78fe1b80-1233-47eb-b311-fe4344ab54aa completed with status: succeeded
2025-05-16 01:05:20,148 [INFO] Retrieving records for https://geekbyteonline.sharepoint.com/sites/Radiation-Imaging - FileAccessed
2025-05-16 01:05:20,318 [INFO] No records found for FileAccessed in https://geekbyteonline.sharepoint.com/sites/Radiation-Imaging
2025-05-16 01:05:20,320 [INFO] Saved state to completed_searches.json
2025-05-16 01:05:20,659 [INFO] Search 18e8bb05-aeb3-4ef8-9c86-a260256023cc completed with status: succeeded
2025-05-16 01:05:20,660 [INFO] Retrieving records for https://geekbyteonline.sharepoint.com/sites/Radiation-Imaging - FileDownloaded
2025-05-16 01:05:20,846 [INFO] No records found for FileDownloaded in https://geekbyteonline.sharepoint.com/sites/Radiation-Imaging
2025-05-16 01:05:20,850 [INFO] Saved state to completed_searches.json
2025-05-16 01:05:21,009 [INFO] Search c849f822-fba3-48d9-8d30-68d5422edcd8 completed with status: succeeded
2025-05-16 01:05:21,009 [INFO] Retrieving records for https://geekbyteonline.sharepoint.com/sites/geetkteam - PageViewed
2025-05-16 01:05:21,250 [INFO] No records found for PageViewed in https://geekbyteonline.sharepoint.com/sites/geetkteam
2025-05-16 01:05:21,252 [INFO] Saved state to completed_searches.json
2025-05-16 01:05:21,418 [INFO] Search ff0405fc-693b-429d-8b1f-0579c07fa576 completed with status: succeeded
2025-05-16 01:05:21,419 [INFO] Retrieving records for https://geekbyteonline.sharepoint.com/sites/geetkteam - FileAccessed
2025-05-16 01:05:21,638 [INFO] No records found for FileAccessed in https://geekbyteonline.sharepoint.com/sites/geetkteam
2025-05-16 01:05:21,640 [INFO] Saved state to completed_searches.json
2025-05-16 01:05:21,808 [INFO] Search d1565903-5822-4928-a17c-55729eea4960 completed with status: succeeded
2025-05-16 01:05:21,809 [INFO] Retrieving records for https://geekbyteonline.sharepoint.com/sites/geetkteam - FileDownloaded
2025-05-16 01:05:21,990 [INFO] No records found for FileDownloaded in https://geekbyteonline.sharepoint.com/sites/geetkteam
2025-05-16 01:05:21,993 [INFO] Saved state to completed_searches.json
2025-05-16 01:05:22,162 [INFO] Search fd8b01ce-3ac7-4dee-ac99-bcb453b351cd completed with status: succeeded
2025-05-16 01:05:22,162 [INFO] Retrieving records for https://geekbyteonline.sharepoint.com/sites/New365Site5 - PageViewed
2025-05-16 01:05:22,328 [INFO] No records found for PageViewed in https://geekbyteonline.sharepoint.com/sites/New365Site5
2025-05-16 01:05:22,330 [INFO] Saved state to completed_searches.json
2025-05-16 01:05:22,514 [INFO] Search f00cc359-a57f-4288-92d4-c1556c22b358 completed with status: succeeded
2025-05-16 01:05:22,515 [INFO] Retrieving records for https://geekbyteonline.sharepoint.com/sites/New365Site5 - FileAccessed
2025-05-16 01:05:22,676 [INFO] No records found for FileAccessed in https://geekbyteonline.sharepoint.com/sites/New365Site5
2025-05-16 01:05:22,677 [INFO] Saved state to completed_searches.json
2025-05-16 01:05:22,911 [INFO] Search db121892-b1c8-4baf-ad07-4db9a1a29b49 completed with status: succeeded
2025-05-16 01:05:22,912 [INFO] Retrieving records for https://geekbyteonline.sharepoint.com/sites/New365Site5 - FileDownloaded
2025-05-16 01:05:23,092 [INFO] No records found for FileDownloaded in https://geekbyteonline.sharepoint.com/sites/New365Site5
2025-05-16 01:05:23,094 [INFO] Saved state to completed_searches.json
2025-05-16 01:05:23,094 [INFO] Completed processing all 15 searches
2025-05-16 01:05:23,098 [INFO] Summary file generated: AuditLogs_20250516_010511\AuditSummary_20250516_010523.csv
2025-05-16 01:05:23,098 [INFO] Starting Excel report generation...
2025-05-16 01:05:23,190 [INFO] Added sheet: PageViewed (from 2DayRetention_20250401_20250501_PageViewed_20250516_010517.csv)
2025-05-16 01:05:23,208 [INFO] Added sheet: FileAccessed (from 2DayRetention_20250401_20250501_FileAccessed_20250516_010518.csv)
2025-05-16 01:05:23,209 [INFO] Warning: No file found for 2DayRetention FileDownloaded
2025-05-16 01:05:23,211 [INFO] 
✅ Created AuditLogs_20250516_010511\2DayRetention April 2025.xlsx with 2 sheets

2025-05-16 01:05:23,247 [INFO] Warning: No file found for Pharmacy PageViewed
2025-05-16 01:05:23,249 [INFO] Warning: No file found for Pharmacy FileAccessed
2025-05-16 01:05:23,249 [INFO] Warning: No file found for Pharmacy FileDownloaded
2025-05-16 01:05:23,250 [INFO] 
⚠️ No sheets created for Pharmacy

2025-05-16 01:05:23,251 [INFO] Failed to remove empty Excel file: [WinError 32] The process cannot access the file because it is being used by another process: 'AuditLogs_20250516_010511\\Pharmacy April 2025.xlsx'
2025-05-16 01:05:23,272 [INFO] Warning: No file found for Radiation-Imaging PageViewed
2025-05-16 01:05:23,273 [INFO] Warning: No file found for Radiation-Imaging FileAccessed
2025-05-16 01:05:23,274 [INFO] Warning: No file found for Radiation-Imaging FileDownloaded
2025-05-16 01:05:23,275 [INFO] 
⚠️ No sheets created for Radiation-Imaging

2025-05-16 01:05:23,275 [INFO] Failed to remove empty Excel file: [WinError 32] The process cannot access the file because it is being used by another process: 'AuditLogs_20250516_010511\\Radiation-Imaging April 2025.xlsx'
2025-05-16 01:05:23,296 [INFO] Warning: No file found for geetkteam PageViewed
2025-05-16 01:05:23,297 [INFO] Warning: No file found for geetkteam FileAccessed
2025-05-16 01:05:23,298 [INFO] Warning: No file found for geetkteam FileDownloaded
2025-05-16 01:05:23,298 [INFO] 
⚠️ No sheets created for geetkteam

2025-05-16 01:05:23,299 [INFO] Failed to remove empty Excel file: [WinError 32] The process cannot access the file because it is being used by another process: 'AuditLogs_20250516_010511\\geetkteam April 2025.xlsx'
2025-05-16 01:05:23,320 [INFO] Warning: No file found for New365Site5 PageViewed
2025-05-16 01:05:23,321 [INFO] Warning: No file found for New365Site5 FileAccessed
2025-05-16 01:05:23,322 [INFO] Warning: No file found for New365Site5 FileDownloaded
2025-05-16 01:05:23,322 [INFO] 
⚠️ No sheets created for New365Site5

2025-05-16 01:05:23,323 [INFO] Failed to remove empty Excel file: [WinError 32] The process cannot access the file because it is being used by another process: 'AuditLogs_20250516_010511\\New365Site5 April 2025.xlsx'
2025-05-16 01:05:23,343 [INFO] Excel report generation complete!
2025-05-16 01:05:23,344 [INFO] Starting Excel report upload to SharePoint...
2025-05-16 01:05:23,344 [INFO] Uploading AuditLogs_20250516_010511\2DayRetention April 2025.xlsx to SharePoint...
2025-05-16 01:05:24,038 [INFO] Successfully uploaded 2DayRetention April 2025.xlsx
2025-05-16 01:05:24,788 [INFO] 
Property update results for file 2DayRetention April 2025.xlsx:
2025-05-16 01:05:24,790 [INFO] Month: April
2025-05-16 01:05:24,790 [INFO] Year: 2025
2025-05-16 01:05:24,791 [INFO] Resource: 2-DayRetention
2025-05-16 01:05:24,794 [INFO] Successfully uploaded AuditLogs_20250516_010511\2DayRetention April 2025.xlsx
2025-05-16 01:05:24,794 [INFO] File name: 2DayRetention April 2025.xlsx
2025-05-16 01:05:24,795 [INFO] File size: 34570 bytes
2025-05-16 01:05:24,795 [INFO] Web URL: https://geekbyteonline.sharepoint.com/sites/Newwww2/_layouts/15/Doc.aspx?sourcedoc=%7BE67788D0-E942-4FF1-BA0E-BBE5AF000741%7D&file=2DayRetention%20April%202025.xlsx&action=default&mobileredirect=true
2025-05-16 01:05:24,796 [INFO] Excel report upload complete!
2025-05-16 01:05:24,797 [INFO] Archived search_ids.json as AuditLogs_20250516_010511\searchIds_20250516_010524.json
2025-05-16 01:05:24,798 [INFO] All operations completed successfully!
